<?xml version="1.0" encoding="UTF-8"?>
<testsuite name="EmployeePortal.LibraryTest" tests="1" skipped="0" failures="0" errors="0" timestamp="2021-09-29T09:10:02" hostname="DESKTOP-9NI60KG" time="0.034">
  <properties/>
  <testcase name="someLibraryMethodReturnsTrue()" classname="EmployeePortal.LibraryTest" time="0.034"/>
  <system-out><![CDATA[]]></system-out>
  <system-err><![CDATA[]]></system-err>
</testsuite>
